<?xml version="1.0" encoding="UTF-8"?>
<!-- Generated by org.testng.reporters.JUnitReportReporter -->
<testsuite hostname="Kowshic" failures="0" tests="1" name="testng.WelcomeTestNG" time="0.021" errors="0" timestamp="31 Jul 2020 11:53:42 GMT" skipped="0">
  <testcase classname="testng.WelcomeTestNG" name="demo" time="0.021"/>
</testsuite> <!-- testng.WelcomeTestNG -->
