<?xml version="1.0" encoding="UTF-8"?>
<!-- Generated by org.testng.reporters.JUnitReportReporter -->
<testsuite hostname="Kowshic" failures="0" tests="2" name="testPackage.LoginPage" time="9.771" errors="0" timestamp="02 Aug 2020 15:58:46 GMT" skipped="0">
  <testcase classname="testPackage.LoginPage" name="basepageNavigation" time="7.618"/>
  <testcase classname="testPackage.LoginPage" name="basepageNavigation" time="2.153"/>
</testsuite> <!-- testPackage.LoginPage -->
