<?xml version="1.0" encoding="UTF-8"?>
<!-- Generated by org.testng.reporters.JUnitReportReporter -->
<testsuite hostname="Kowshic" failures="0" tests="2" name="testPackage.LoginPage" time="7.818" errors="0" timestamp="02 Aug 2020 17:11:49 GMT" skipped="0">
  <testcase classname="testPackage.LoginPage" name="loginPageNavigation" time="2.384"/>
  <testcase classname="testPackage.LoginPage" name="loginPageNavigation" time="5.434"/>
</testsuite> <!-- testPackage.LoginPage -->
