<?xml version="1.0" encoding="UTF-8"?>
<!-- Generated by org.testng.reporters.JUnitReportReporter -->
<testsuite hostname="Kowshic" failures="0" tests="3" name="Amazon.searchFunctionalityTest.BookSearchTest" time="10.070" errors="0" timestamp="17 Dec 2020 16:45:10 GMT" skipped="0">
  <testcase classname="Amazon.searchFunctionalityTest.BookSearchTest" name="clickDropDownAndSelectBooks" time="0.389"/>
  <testcase classname="Amazon.searchFunctionalityTest.BookSearchTest" name="enterDataCatalogInSearch" time="7.353"/>
  <testcase classname="Amazon.searchFunctionalityTest.BookSearchTest" name="readAndPrintDetails" time="2.328"/>
</testsuite> <!-- Amazon.searchFunctionalityTest.BookSearchTest -->
