<?xml version="1.0" encoding="UTF-8"?>
<!-- Generated by org.testng.reporters.JUnitReportReporter -->
<testsuite hostname="Kowshic" failures="0" tests="1" name="testcases.LoginPageApplication" time="20.060" errors="0" timestamp="31 Jul 2020 11:51:22 GMT" skipped="0">
  <testcase classname="testcases.LoginPageApplication" name="loginDemo" time="20.060"/>
</testsuite> <!-- testcases.LoginPageApplication -->
